[2025-11-06--15-46-49 INFO actix_server::builder] starting 5 workers
[2025-11-06--15-46-49 INFO actix_server::server] Tokio runtime found; starting in existing Tokio runtime
[2025-11-06--15-46-49 INFO actix_server::server] starting service: "actix-web-service-127.0.0.1:18488", workers: 5, listening on: 127.0.0.1:18488
[2025-11-06--15-46-50 INFO parity_ws] Listening for new connections on 127.0.0.1:8900.
[2025-11-06--15-46-53 INFO txtx::svm::deploy_program] [Recovery Instructions] - An ephemeral authority account will be created and funded to write to the buffer account.
[2025-11-06--15-46-53 INFO txtx::svm::deploy_program] [Recovery Instructions] - Please save the following information in case the deployment fails and the account needs to be recovered:
[2025-11-06--15-46-53 INFO txtx::svm::deploy_program] [Recovery Instructions] - Ephemeral authority public key: 4dUUGrPP69v6mrz8dMXduuLVDtm9mvL2JcYUauy5Prnm
[2025-11-06--15-46-53 INFO txtx::svm::deploy_program] [Recovery Instructions] - Ephemeral authority secret key: [17, 134, 205, 243, 219, 171, 135, 225, 68, 86, 238, 197, 232, 53, 170, 97, 47, 65, 252, 11, 7, 15, 68, 72, 6, 241, 231, 200, 240, 116, 57, 222, 53, 235, 7, 212, 242, 225, 11, 140, 25, 206, 138, 215, 209, 182, 106, 19, 40, 17, 121, 223, 14, 233, 73, 89, 246, 192, 25, 159, 154, 110, 65, 114]
[2025-11-06--15-46-53 INFO txtx::svm::deploy_program] Account Created - Ephemeral authority account created and funded to write to buffer
[2025-11-06--15-46-54 INFO txtx::svm::deploy_program] [Recovery Instructions] - Creating program buffer account at pubkey 9fCPSGXwxGLE2Li9sU5BykfEcnKS5KYxPZM6ZDhxXQhP
[2025-11-06--15-46-54 INFO txtx::svm::deploy_program] Account Created - Program buffer account created
[2025-11-06--15-46-58 INFO txtx::svm::deploy_program] Buffer Ready - Writing to buffer account is complete
[2025-11-06--15-46-59 INFO txtx::svm::deploy_program] Program Created - Program 9oNPxuPxi1Pa2nrfVrCXqMFVeNgfQ2eGDgDsybHAZ1od has been deployed
[2025-11-06--15-47-00 INFO txtx::svm::deploy_program] Complete - Ephemeral authority account closed and leftover funds returned to payer
[2025-11-06--16-00-02 INFO actix_server::accept] accept thread stopped
[2025-11-06--16-00-02 INFO actix_server::worker] shutting down idle worker
[2025-11-06--16-00-02 INFO actix_server::worker] shutting down idle worker
[2025-11-06--16-00-02 INFO actix_server::worker] shutting down idle worker
[2025-11-06--16-00-02 INFO actix_server::worker] shutting down idle worker
[2025-11-06--16-00-02 INFO actix_server::worker] shutting down idle worker
